[2018-01-12 15:01:48,050] - test.py] - INFO: ---测试开始----
[2018-01-12 15:01:48,050] - test.py] - INFO: 操作步骤1,2,3
[2018-01-12 15:01:48,050] - test.py] - WARNING: ----测试结束----
[2018-01-12 15:06:49,825] - logger.py] - INFO: ---测试开始----
[2018-01-12 15:06:49,826] - logger.py] - INFO: 操作步骤1,2,3
[2018-01-12 15:06:50,204] - logger.py] - INFO: ---测试开始----
[2018-01-12 15:06:50,204] - logger.py] - INFO: 操作步骤1,2,3
2018-01-12 15:07:32,667-root-INFO----测试开始----
2018-01-12 15:07:32,667-root-INFO-操作步骤1,2,3
2018-01-12 15:09:34,057-root-INFO----测试开始----
2018-01-12 15:09:34,058-root-INFO-操作步骤1,2,3
2018-01-12 15:10:12,469-root-INFO----测试开始----
2018-01-12 15:10:12,470-root-INFO-操作步骤1,2,3
[2018-01-12 15:10:14,563] - test.py] - INFO: ---测试开始----
[2018-01-12 15:10:14,563] - test.py] - INFO: 操作步骤1,2,3
[2018-01-12 15:10:14,563] - test.py] - WARNING: ----测试结束----
2018-01-12 15:10:53,054-logger.py-INFO----测试开始----
2018-01-12 15:10:53,055-logger.py-INFO-操作步骤1,2,3
2018-01-12 15:11:29,488-logger.py-INFO----测试开始----
2018-01-12 15:11:29,488-logger.py-INFO-操作步骤1,2,3
2018-01-12 15:11:29,488-logger.py-INFO-操作步骤1,2,3
2018-01-12 15:11:53,723-logger.py-INFO----测试开始----
2018-01-12 15:11:53,723-logger.py-INFO-操作步骤1,2,3
2018-01-12 15:11:53,723-logger.py-INFO-操作步骤1,2,3
2018-01-12 15:12:10,681-logger.py-INFO----测试开始----
2018-01-12 15:12:10,682-logger.py-INFO-操作步骤1,2,3
2018-01-12 15:28:51,306-logger.py-INFO-开始测试
2018-01-12 15:28:51,323-logger.py-INFO-登录成功
2018-01-12 15:28:51,324-logger.py-INFO-设备接口响应
2018-01-12 15:29:15,367-logger.py-INFO-开始测试
2018-01-12 15:29:15,386-logger.py-INFO-登录成功
2018-01-12 15:29:15,387-logger.py-INFO-设备接口响应
2018-01-12 15:29:15,414-logger.py-INFO-响应结果：200
2018-01-12 15:29:29,925-logger.py-INFO-开始测试
2018-01-12 15:29:29,946-logger.py-INFO-登录成功
2018-01-12 15:29:29,946-logger.py-INFO-设备接口响应
2018-01-12 15:29:29,976-logger.py-INFO-响应结果：200
2018-01-12 15:29:29,976-logger.py-INFO-设备总数：1
2018-01-12 15:31:15,066-logger.py-INFO-开始测试
2018-01-12 15:31:15,067-logger.py-INFO-登录成功
2018-01-12 15:31:15,093-logger.py-INFO-设备接口响应
2018-01-12 15:31:15,094-logger.py-INFO-响应结果：200
2018-01-12 15:31:15,094-logger.py-INFO-设备总数：1
2018-01-12 16:34:30,798-logger.py-INFO-开始测试
2018-01-12 16:34:30,798-logger.py-INFO-登录成功
2018-01-12 16:34:30,811-logger.py-INFO-设备接口响应
2018-01-12 16:34:30,811-logger.py-INFO-响应结果：200
2018-01-12 16:35:08,880-logger.py-INFO-开始测试
2018-01-12 16:35:08,880-logger.py-INFO-登录成功
2018-01-12 16:35:08,903-logger.py-INFO-设备接口响应
2018-01-12 16:35:08,903-logger.py-INFO-响应结果：200
2018-01-12 16:35:49,043-logger.py-INFO-开始测试
2018-01-12 16:35:49,043-logger.py-INFO-登录成功
2018-01-12 16:35:49,080-logger.py-INFO-设备接口响应
2018-01-12 16:35:49,080-logger.py-INFO-响应结果：200
2018-01-12 16:54:30,035-logger.py-INFO-开始测试
2018-01-12 16:54:30,035-logger.py-INFO-登录成功
2018-01-12 16:54:30,042-logger.py-INFO-设备接口响应
2018-01-12 16:54:49,710-logger.py-INFO-开始测试
2018-01-12 16:54:49,711-logger.py-INFO-登录成功
2018-01-12 16:54:49,715-logger.py-INFO-设备接口响应
2018-01-12 17:31:18,029-logger.py-INFO-开始测试
2018-01-12 17:31:18,030-logger.py-INFO-登录成功
2018-01-12 17:31:18,037-logger.py-INFO-设备接口响应
2018-01-12 17:31:43,068-logger.py-INFO-开始测试
2018-01-12 17:31:43,068-logger.py-INFO-登录成功
2018-01-12 17:31:43,075-logger.py-INFO-设备接口响应
2018-01-12 17:32:18,379-logger.py-INFO-开始测试
2018-01-12 17:32:18,379-logger.py-INFO-登录成功
2018-01-12 17:32:18,386-logger.py-INFO-设备接口响应
2018-01-12 17:32:45,943-logger.py-INFO-开始测试
2018-01-12 17:32:45,943-logger.py-INFO-登录成功
2018-01-12 17:32:45,950-logger.py-INFO-设备接口响应
2018-01-12 17:33:35,147-logger.py-INFO-开始测试
2018-01-12 17:33:35,148-logger.py-INFO-登录成功
2018-01-12 17:33:35,154-logger.py-INFO-设备接口响应
2018-01-12 17:33:51,610-logger.py-INFO-开始测试
2018-01-12 17:33:51,610-logger.py-INFO-登录成功
2018-01-12 17:33:51,617-logger.py-INFO-设备接口响应
2018-01-12 17:37:51,076-logger.py-INFO-开始测试
2018-01-12 17:37:51,076-logger.py-INFO-登录成功
2018-01-12 17:37:51,083-logger.py-INFO-设备接口响应
2018-01-12 17:38:28,108-logger.py-INFO-开始测试
2018-01-12 17:38:28,108-logger.py-INFO-登录成功
2018-01-12 17:38:28,115-logger.py-INFO-设备接口响应
2018-01-12 17:39:08,477-logger.py-INFO-开始测试
2018-01-12 17:39:08,478-logger.py-INFO-登录成功
2018-01-12 17:39:08,487-logger.py-INFO-设备接口响应
2018-01-12 17:39:41,265-logger.py-INFO-开始测试
2018-01-12 17:39:41,265-logger.py-INFO-登录成功
2018-01-12 17:39:41,272-logger.py-INFO-设备接口响应
